# JRE version: OpenJDK Runtime Environment Temurin-17.0.13+11 (17.0.13+11) (build 17.0.13+11)
# Java VM: OpenJDK 64-Bit Server VM Temurin-17.0.13+11 (17.0.13+11, mixed mode, tiered, compressed oops, compressed class ptrs, parallel gc, windows-amd64)
GC Precious Log:
 CPUs: 4 total, 4 available
 Memory: 3964M
 Large Page Support: Disabled
 NUMA Support: Disabled
 Compressed Oops: Enabled (32-bit)
 Alignments: Space 512K, Generation 512K, Heap 2M
 Heap Min Capacity: 100M
 Heap Initial Capacity: 100M
 Heap Max Capacity: 1G
 Pre-touch: Disabled
 Parallel Workers: 4
Heap:
 PSYoungGen      total 14848K, used 11516K [0x00000000eab00000, 0x00000000ebc80000, 0x0000000100000000)
  eden space 11776K, 74% used [0x00000000eab00000,0x00000000eb399d00,0x00000000eb680000)
  from space 3072K, 88% used [0x00000000eb680000,0x00000000eb9256b8,0x00000000eb980000)
  to   space 3072K, 0% used [0x00000000eb980000,0x00000000eb980000,0x00000000ebc80000)
 ParOldGen       total 91648K, used 88762K [0x00000000c0000000, 0x00000000c5980000, 0x00000000eab00000)
  object space 91648K, 96% used [0x00000000c0000000,0x00000000c56aebd8,0x00000000c5980000)
 Metaspace       used 78172K, committed 79424K, reserved 1179648K
  class space    used 9445K, committed 9984K, reserved 1048576K
GC Heap History (20 events):
Event: 686.717 GC heap before
{Heap before GC invocations=69 (full 4):
 PSYoungGen      total 14848K, used 14336K [0x00000000eab00000, 0x00000000ebf00000, 0x0000000100000000)
  eden space 14336K, 100% used [0x00000000eab00000,0x00000000eb900000,0x00000000eb900000)
  from space 512K, 0% used [0x00000000eba80000,0x00000000eba80000,0x00000000ebb00000)
  to   space 3072K, 0% used [0x00000000ebc00000,0x00000000ebc00000,0x00000000ebf00000)
 ParOldGen       total 91648K, used 63328K [0x00000000c0000000, 0x00000000c5980000, 0x00000000eab00000)
  object space 91648K, 69% used [0x00000000c0000000,0x00000000c3dd80d0,0x00000000c5980000)
 Metaspace       used 78114K, committed 79360K, reserved 1179648K
  class space    used 9437K, committed 9984K, reserved 1048576K
}
Event: 686.723 GC heap after
{Heap after GC invocations=69 (full 4):
 PSYoungGen      total 15872K, used 1144K [0x00000000eab00000, 0x00000000ebd80000, 0x0000000100000000)
  eden space 14336K, 0% used [0x00000000eab00000,0x00000000eab00000,0x00000000eb900000)
  from space 1536K, 74% used [0x00000000ebc00000,0x00000000ebd1e298,0x00000000ebd80000)
  to   space 2048K, 0% used [0x00000000eb980000,0x00000000eb980000,0x00000000ebb80000)
 ParOldGen       total 91648K, used 63328K [0x00000000c0000000, 0x00000000c5980000, 0x00000000eab00000)
  object space 91648K, 69% used [0x00000000c0000000,0x00000000c3dd80d0,0x00000000c5980000)
 Metaspace       used 78114K, committed 79360K, reserved 1179648K
  class space    used 9437K, committed 9984K, reserved 1048576K
}
Event: 689.975 GC heap before
{Heap before GC invocations=70 (full 4):
 PSYoungGen      total 15872K, used 15480K [0x00000000eab00000, 0x00000000ebd80000, 0x0000000100000000)
  eden space 14336K, 100% used [0x00000000eab00000,0x00000000eb900000,0x00000000eb900000)
  from space 1536K, 74% used [0x00000000ebc00000,0x00000000ebd1e298,0x00000000ebd80000)
  to   space 2048K, 0% used [0x00000000eb980000,0x00000000eb980000,0x00000000ebb80000)
 ParOldGen       total 91648K, used 63328K [0x00000000c0000000, 0x00000000c5980000, 0x00000000eab00000)
  object space 91648K, 69% used [0x00000000c0000000,0x00000000c3dd80d0,0x00000000c5980000)
 Metaspace       used 78124K, committed 79360K, reserved 1179648K
  class space    used 9437K, committed 9984K, reserved 1048576K
}
Event: 689.982 GC heap after
{Heap after GC invocations=70 (full 4):
 PSYoungGen      total 16384K, used 2020K [0x00000000eab00000, 0x00000000ec300000, 0x0000000100000000)
  eden space 14336K, 0% used [0x00000000eab00000,0x00000000eab00000,0x00000000eb900000)
  from space 2048K, 98% used [0x00000000eb980000,0x00000000ebb79200,0x00000000ebb80000)
  to   space 5120K, 0% used [0x00000000ebe00000,0x00000000ebe00000,0x00000000ec300000)
 ParOldGen       total 91648K, used 65522K [0x00000000c0000000, 0x00000000c5980000, 0x00000000eab00000)
  object space 91648K, 71% used [0x00000000c0000000,0x00000000c3ffc878,0x00000000c5980000)
 Metaspace       used 78124K, committed 79360K, reserved 1179648K
  class space    used 9437K, committed 9984K, reserved 1048576K
}
Event: 691.181 GC heap before
{Heap before GC invocations=71 (full 4):
 PSYoungGen      total 16384K, used 16356K [0x00000000eab00000, 0x00000000ec300000, 0x0000000100000000)
  eden space 14336K, 100% used [0x00000000eab00000,0x00000000eb900000,0x00000000eb900000)
  from space 2048K, 98% used [0x00000000eb980000,0x00000000ebb79200,0x00000000ebb80000)
  to   space 5120K, 0% used [0x00000000ebe00000,0x00000000ebe00000,0x00000000ec300000)
 ParOldGen       total 91648K, used 65522K [0x00000000c0000000, 0x00000000c5980000, 0x00000000eab00000)
  object space 91648K, 71% used [0x00000000c0000000,0x00000000c3ffc878,0x00000000c5980000)
 Metaspace       used 78129K, committed 79360K, reserved 1179648K
  class space    used 9437K, committed 9984K, reserved 1048576K
}
Event: 691.194 GC heap after
{Heap after GC invocations=71 (full 4):
 PSYoungGen      total 17920K, used 3307K [0x00000000eab00000, 0x00000000ec180000, 0x0000000100000000)
  eden space 14336K, 0% used [0x00000000eab00000,0x00000000eab00000,0x00000000eb900000)
  from space 3584K, 92% used [0x00000000ebe00000,0x00000000ec13ac50,0x00000000ec180000)
  to   space 4096K, 0% used [0x00000000eb980000,0x00000000eb980000,0x00000000ebd80000)
 ParOldGen       total 91648K, used 67457K [0x00000000c0000000, 0x00000000c5980000, 0x00000000eab00000)
  object space 91648K, 73% used [0x00000000c0000000,0x00000000c41e04a8,0x00000000c5980000)
 Metaspace       used 78129K, committed 79360K, reserved 1179648K
  class space    used 9437K, committed 9984K, reserved 1048576K
}
Event: 692.245 GC heap before
{Heap before GC invocations=72 (full 4):
 PSYoungGen      total 17920K, used 17643K [0x00000000eab00000, 0x00000000ec180000, 0x0000000100000000)
  eden space 14336K, 100% used [0x00000000eab00000,0x00000000eb900000,0x00000000eb900000)
  from space 3584K, 92% used [0x00000000ebe00000,0x00000000ec13ac50,0x00000000ec180000)
  to   space 4096K, 0% used [0x00000000eb980000,0x00000000eb980000,0x00000000ebd80000)
 ParOldGen       total 91648K, used 67457K [0x00000000c0000000, 0x00000000c5980000, 0x00000000eab00000)
  object space 91648K, 73% used [0x00000000c0000000,0x00000000c41e04a8,0x00000000c5980000)
 Metaspace       used 78129K, committed 79360K, reserved 1179648K
  class space    used 9437K, committed 9984K, reserved 1048576K
}
Event: 692.256 GC heap after
{Heap after GC invocations=72 (full 4):
 PSYoungGen      total 18432K, used 3753K [0x00000000eab00000, 0x00000000ec100000, 0x0000000100000000)
  eden space 14336K, 0% used [0x00000000eab00000,0x00000000eab00000,0x00000000eb900000)
  from space 4096K, 91% used [0x00000000eb980000,0x00000000ebd2a448,0x00000000ebd80000)
  to   space 3584K, 0% used [0x00000000ebd80000,0x00000000ebd80000,0x00000000ec100000)
 ParOldGen       total 91648K, used 70610K [0x00000000c0000000, 0x00000000c5980000, 0x00000000eab00000)
  object space 91648K, 77% used [0x00000000c0000000,0x00000000c44f4bc0,0x00000000c5980000)
 Metaspace       used 78129K, committed 79360K, reserved 1179648K
  class space    used 9437K, committed 9984K, reserved 1048576K
}
Event: 693.738 GC heap before
{Heap before GC invocations=73 (full 4):
 PSYoungGen      total 18432K, used 18089K [0x00000000eab00000, 0x00000000ec100000, 0x0000000100000000)
  eden space 14336K, 100% used [0x00000000eab00000,0x00000000eb900000,0x00000000eb900000)
  from space 4096K, 91% used [0x00000000eb980000,0x00000000ebd2a448,0x00000000ebd80000)
  to   space 3584K, 0% used [0x00000000ebd80000,0x00000000ebd80000,0x00000000ec100000)
 ParOldGen       total 91648K, used 70610K [0x00000000c0000000, 0x00000000c5980000, 0x00000000eab00000)
  object space 91648K, 77% used [0x00000000c0000000,0x00000000c44f4bc0,0x00000000c5980000)
 Metaspace       used 78130K, committed 79360K, reserved 1179648K
  class space    used 9437K, committed 9984K, reserved 1048576K
}
Event: 693.750 GC heap after
{Heap after GC invocations=73 (full 4):
 PSYoungGen      total 17920K, used 3249K [0x00000000eab00000, 0x00000000ec100000, 0x0000000100000000)
  eden space 14336K, 0% used [0x00000000eab00000,0x00000000eab00000,0x00000000eb900000)
  from space 3584K, 90% used [0x00000000ebd80000,0x00000000ec0ac488,0x00000000ec100000)
  to   space 3584K, 0% used [0x00000000eba00000,0x00000000eba00000,0x00000000ebd80000)
 ParOldGen       total 91648K, used 74204K [0x00000000c0000000, 0x00000000c5980000, 0x00000000eab00000)
  object space 91648K, 80% used [0x00000000c0000000,0x00000000c48773e8,0x00000000c5980000)
 Metaspace       used 78130K, committed 79360K, reserved 1179648K
  class space    used 9437K, committed 9984K, reserved 1048576K
}
Event: 695.137 GC heap before
{Heap before GC invocations=74 (full 4):
 PSYoungGen      total 17920K, used 17585K [0x00000000eab00000, 0x00000000ec100000, 0x0000000100000000)
  eden space 14336K, 100% used [0x00000000eab00000,0x00000000eb900000,0x00000000eb900000)
  from space 3584K, 90% used [0x00000000ebd80000,0x00000000ec0ac488,0x00000000ec100000)
  to   space 3584K, 0% used [0x00000000eba00000,0x00000000eba00000,0x00000000ebd80000)
 ParOldGen       total 91648K, used 74204K [0x00000000c0000000, 0x00000000c5980000, 0x00000000eab00000)
  object space 91648K, 80% used [0x00000000c0000000,0x00000000c48773e8,0x00000000c5980000)
 Metaspace       used 78130K, committed 79360K, reserved 1179648K
  class space    used 9437K, committed 9984K, reserved 1048576K
}
Event: 695.144 GC heap after
{Heap after GC invocations=74 (full 4):
 PSYoungGen      total 17920K, used 3188K [0x00000000eab00000, 0x00000000ec000000, 0x0000000100000000)
  eden space 14336K, 0% used [0x00000000eab00000,0x00000000eab00000,0x00000000eb900000)
  from space 3584K, 88% used [0x00000000eba00000,0x00000000ebd1d310,0x00000000ebd80000)
  to   space 2560K, 0% used [0x00000000ebd80000,0x00000000ebd80000,0x00000000ec000000)
 ParOldGen       total 91648K, used 77310K [0x00000000c0000000, 0x00000000c5980000, 0x00000000eab00000)
  object space 91648K, 84% used [0x00000000c0000000,0x00000000c4b7faf8,0x00000000c5980000)
 Metaspace       used 78130K, committed 79360K, reserved 1179648K
  class space    used 9437K, committed 9984K, reserved 1048576K
}
Event: 696.988 GC heap before
{Heap before GC invocations=75 (full 4):
 PSYoungGen      total 17920K, used 17524K [0x00000000eab00000, 0x00000000ec000000, 0x0000000100000000)
  eden space 14336K, 100% used [0x00000000eab00000,0x00000000eb900000,0x00000000eb900000)
  from space 3584K, 88% used [0x00000000eba00000,0x00000000ebd1d310,0x00000000ebd80000)
  to   space 2560K, 0% used [0x00000000ebd80000,0x00000000ebd80000,0x00000000ec000000)
 ParOldGen       total 91648K, used 77310K [0x00000000c0000000, 0x00000000c5980000, 0x00000000eab00000)
  object space 91648K, 84% used [0x00000000c0000000,0x00000000c4b7faf8,0x00000000c5980000)
 Metaspace       used 78130K, committed 79360K, reserved 1179648K
  class space    used 9437K, committed 9984K, reserved 1048576K
}
Event: 697.004 GC heap after
{Heap after GC invocations=75 (full 4):
 PSYoungGen      total 14336K, used 2534K [0x00000000eab00000, 0x00000000ec700000, 0x0000000100000000)
  eden space 11776K, 0% used [0x00000000eab00000,0x00000000eab00000,0x00000000eb680000)
  from space 2560K, 99% used [0x00000000ebd80000,0x00000000ebff9b50,0x00000000ec000000)
  to   space 7168K, 0% used [0x00000000eb680000,0x00000000eb680000,0x00000000ebd80000)
 ParOldGen       total 91648K, used 81023K [0x00000000c0000000, 0x00000000c5980000, 0x00000000eab00000)
  object space 91648K, 88% used [0x00000000c0000000,0x00000000c4f1fc68,0x00000000c5980000)
 Metaspace       used 78130K, committed 79360K, reserved 1179648K
  class space    used 9437K, committed 9984K, reserved 1048576K
}
Event: 698.522 GC heap before
{Heap before GC invocations=76 (full 4):
 PSYoungGen      total 14336K, used 14310K [0x00000000eab00000, 0x00000000ec700000, 0x0000000100000000)
  eden space 11776K, 100% used [0x00000000eab00000,0x00000000eb680000,0x00000000eb680000)
  from space 2560K, 99% used [0x00000000ebd80000,0x00000000ebff9b50,0x00000000ec000000)
  to   space 7168K, 0% used [0x00000000eb680000,0x00000000eb680000,0x00000000ebd80000)
 ParOldGen       total 91648K, used 81023K [0x00000000c0000000, 0x00000000c5980000, 0x00000000eab00000)
  object space 91648K, 88% used [0x00000000c0000000,0x00000000c4f1fc68,0x00000000c5980000)
 Metaspace       used 78133K, committed 79360K, reserved 1179648K
  class space    used 9437K, committed 9984K, reserved 1048576K
}
Event: 698.530 GC heap after
{Heap after GC invocations=76 (full 4):
 PSYoungGen      total 14848K, used 2790K [0x00000000eab00000, 0x00000000ebe80000, 0x0000000100000000)
  eden space 11776K, 0% used [0x00000000eab00000,0x00000000eab00000,0x00000000eb680000)
  from space 3072K, 90% used [0x00000000eb680000,0x00000000eb939b20,0x00000000eb980000)
  to   space 4096K, 0% used [0x00000000eba80000,0x00000000eba80000,0x00000000ebe80000)
 ParOldGen       total 91648K, used 83459K [0x00000000c0000000, 0x00000000c5980000, 0x00000000eab00000)
  object space 91648K, 91% used [0x00000000c0000000,0x00000000c5180dd8,0x00000000c5980000)
 Metaspace       used 78133K, committed 79360K, reserved 1179648K
  class space    used 9437K, committed 9984K, reserved 1048576K
}
Event: 700.008 GC heap before
{Heap before GC invocations=77 (full 4):
 PSYoungGen      total 14848K, used 14566K [0x00000000eab00000, 0x00000000ebe80000, 0x0000000100000000)
  eden space 11776K, 100% used [0x00000000eab00000,0x00000000eb680000,0x00000000eb680000)
  from space 3072K, 90% used [0x00000000eb680000,0x00000000eb939b20,0x00000000eb980000)
  to   space 4096K, 0% used [0x00000000eba80000,0x00000000eba80000,0x00000000ebe80000)
 ParOldGen       total 91648K, used 83459K [0x00000000c0000000, 0x00000000c5980000, 0x00000000eab00000)
  object space 91648K, 91% used [0x00000000c0000000,0x00000000c5180dd8,0x00000000c5980000)
 Metaspace       used 78139K, committed 79360K, reserved 1179648K
  class space    used 9437K, committed 9984K, reserved 1048576K
}
Event: 700.015 GC heap after
{Heap after GC invocations=77 (full 4):
 PSYoungGen      total 14848K, used 2817K [0x00000000eab00000, 0x00000000ebd80000, 0x0000000100000000)
  eden space 11776K, 0% used [0x00000000eab00000,0x00000000eab00000,0x00000000eb680000)
  from space 3072K, 91% used [0x00000000eba80000,0x00000000ebd40730,0x00000000ebd80000)
  to   space 3072K, 0% used [0x00000000eb680000,0x00000000eb680000,0x00000000eb980000)
 ParOldGen       total 91648K, used 86086K [0x00000000c0000000, 0x00000000c5980000, 0x00000000eab00000)
  object space 91648K, 93% used [0x00000000c0000000,0x00000000c5411958,0x00000000c5980000)
 Metaspace       used 78139K, committed 79360K, reserved 1179648K
  class space    used 9437K, committed 9984K, reserved 1048576K
}
Event: 700.921 GC heap before
{Heap before GC invocations=78 (full 4):
 PSYoungGen      total 14848K, used 14593K [0x00000000eab00000, 0x00000000ebd80000, 0x0000000100000000)
  eden space 11776K, 100% used [0x00000000eab00000,0x00000000eb680000,0x00000000eb680000)
  from space 3072K, 91% used [0x00000000eba80000,0x00000000ebd40730,0x00000000ebd80000)
  to   space 3072K, 0% used [0x00000000eb680000,0x00000000eb680000,0x00000000eb980000)
 ParOldGen       total 91648K, used 86086K [0x00000000c0000000, 0x00000000c5980000, 0x00000000eab00000)
  object space 91648K, 93% used [0x00000000c0000000,0x00000000c5411958,0x00000000c5980000)
 Metaspace       used 78139K, committed 79360K, reserved 1179648K
  class space    used 9437K, committed 9984K, reserved 1048576K
}
Event: 700.926 GC heap after
{Heap after GC invocations=78 (full 4):
 PSYoungGen      total 14848K, used 2709K [0x00000000eab00000, 0x00000000ebc80000, 0x0000000100000000)
  eden space 11776K, 0% used [0x00000000eab00000,0x00000000eab00000,0x00000000eb680000)
  from space 3072K, 88% used [0x00000000eb680000,0x00000000eb9256b8,0x00000000eb980000)
  to   space 3072K, 0% used [0x00000000eb980000,0x00000000eb980000,0x00000000ebc80000)
 ParOldGen       total 91648K, used 88762K [0x00000000c0000000, 0x00000000c5980000, 0x00000000eab00000)
  object space 91648K, 96% used [0x00000000c0000000,0x00000000c56aebd8,0x00000000c5980000)
 Metaspace       used 78139K, committed 79360K, reserved 1179648K
  class space    used 9437K, committed 9984K, reserved 1048576K
}

